<?xml version="1.0" encoding="UTF-8"?>
<!-- Generated by org.testng.reporters.JUnitXMLReporter -->
<testsuite hostname="DESKTOP-0OHGDCN" ignored="0" name="Test" tests="4" failures="0" timestamp="07 Feb 2023 15:21:07 GMT" time="0.094" errors="0">
  <testcase name="@BeforeTest setup" time="0.0" classname="assignment11.TestNg_Assignment10">
    <failure type="org.testng.TestNGException" message="
Parameter &amp;apos;browser&amp;apos; is required by BeforeTest on method setup but has not been marked @Optional or defined
in C:\Users\kriti\eclipse-workspace\Selenium\testng10.xml">
      <![CDATA[org.testng.TestNGException: 
Parameter 'browser' is required by BeforeTest on method setup but has not been marked @Optional or defined
in C:\Users\kriti\eclipse-workspace\Selenium\testng10.xml
... Removed 21 stack frames]]>
    </failure>
  </testcase> <!-- @BeforeTest setup -->
  <testcase name="Login" time="0.0" classname="assignment11.TestNg_Assignment10">
    <skipped/>
  </testcase> <!-- Login -->
  <testcase name="CreateCourse" time="0.0" classname="assignment11.TestNg_Assignment10">
    <skipped/>
  </testcase> <!-- CreateCourse -->
  <testcase name="Delete" time="0.0" classname="assignment11.TestNg_Assignment10">
    <skipped/>
  </testcase> <!-- Delete -->
  <testcase name="tearDown" time="0.0" classname="assignment11.TestNg_Assignment10">
    <skipped/>
  </testcase> <!-- tearDown -->
</testsuite> <!-- Test -->
